5.405577403504861073e-02
3.200105168913240650e-02
2.698551926351949043e-02
2.479531816196882052e-02
2.408356592847933977e-02
2.277796910345755363e-02
2.248152026424025257e-02
2.188436936857234352e-02
2.138263965067957462e-02
2.117507479779049892e-02
2.080476306223126570e-02
2.071832950358605541e-02
2.042391703813717721e-02
2.001362463996848515e-02
1.982909501355465537e-02
2.053900310314866681e-02
1.979778555655033537e-02
1.945069521552065042e-02
1.968741633388818718e-02
1.929965929428164445e-02
1.912725919308386202e-02
1.900037013436747108e-02
1.906632758607127234e-02
1.929051084693306911e-02
1.864865043781857926e-02
