4.963810067717308594e-02
2.401523635323831590e-02
1.879836823854078715e-02
1.777219976221645556e-02
1.519654628921619788e-02
1.392749899127164459e-02
1.462001282336496989e-02
1.572588314430851605e-02
1.435762168337818313e-02
1.330308672061222310e-02
1.255532947045771841e-02
1.245454850429430875e-02
1.201263178573617856e-02
1.236636776572232546e-02
1.170472612377062606e-02
1.168282055989979321e-02
1.172940215498142341e-02
1.118441146599370717e-02
1.130468046196114913e-02
1.107399844188791671e-02
1.110451081940863789e-02
1.114317901525524630e-02
1.125899377447068909e-02
1.129459968881922453e-02
1.165048500857134364e-02
