4.127801226505758286e-02
3.645274206147595258e-02
3.432733799500680555e-02
3.364381963107603013e-02
3.303724520937802167e-02
3.205656009826807207e-02
3.100716199058608721e-02
3.087617093112588265e-02
3.013577256136917848e-02
2.975740476424948086e-02
2.972722100468851505e-02
2.974665938150620331e-02
2.928566472996274248e-02
2.877634341546341998e-02
2.829042822606123858e-02
2.873495121451173986e-02
2.847689554725638117e-02
2.866668277073468329e-02
2.820296804861465584e-02
2.820124494862044640e-02
2.979698486855929945e-02
2.814303400920502990e-02
2.904175648133874854e-02
2.786985347229873830e-02
2.777062146999556905e-02
