1.252718055322879775e-01
7.848350459079804498e-02
6.757070624144211057e-02
6.502804279264476350e-02
5.977148109026202139e-02
5.716768844792637777e-02
5.420300050530657554e-02
5.326467345671521969e-02
5.195354578240184845e-02
5.101567155884215166e-02
4.949647576564919493e-02
4.887360760409623778e-02
4.718375025901316855e-02
4.679919653443428973e-02
4.777400301315989223e-02
4.551795152081059004e-02
4.495899442014489322e-02
4.420781167038134035e-02
4.396686516380476223e-02
4.255109231708774364e-02
4.274867928899812181e-02
4.263199324621954472e-02
4.221437563086630901e-02
4.182118435317094124e-02
4.191016588087796008e-02
