6.606617217209999060e-01
3.614678932840000303e-01
2.113498339840000351e-01
1.318633969000000128e-01
8.825058489999999811e-02
6.509999160900001303e-02
5.235264324900000543e-02
4.514010144400000535e-02
4.006122340900000051e-02
3.725672039999999852e-02
3.465666256899999770e-02
3.263659033600000564e-02
3.112436924099999669e-02
3.029026968100000106e-02
2.956164422500000277e-02
2.889388032399999723e-02
2.868077731600000152e-02
2.782424163600000222e-02
2.733863833599999710e-02
2.710369542399999887e-02
2.677150439999999645e-02
2.651393456100000282e-02
2.611262083599999451e-02
2.588108737599999556e-02
2.573906835599999721e-02
