6.335332187040000340e-01
3.293175950439999888e-01
1.787175625000000101e-01
1.041895106560000034e-01
6.702921000000000573e-02
4.828434916899999180e-02
3.886812249999999774e-02
3.384606472900000135e-02
3.119851016100000374e-02
2.962563864099999889e-02
2.861442896400000213e-02
2.784159216400000289e-02
2.733731559999999505e-02
2.710665888100000434e-02
2.671590250000000291e-02
2.636758916099999836e-02
2.621290521599999729e-02
2.611423680099999797e-02
2.600124000100000055e-02
2.581934785599999949e-02
2.560928084100000043e-02
2.557664532900000287e-02
2.550600643599999426e-02
2.542366470400000272e-02
2.528068200100000093e-02
