7.129995384489998811e-01
4.364425670439999183e-01
2.752125044490000283e-01
1.925024400010000025e-01
1.444988169000000211e-01
1.057303262440000002e-01
8.588826648900001193e-02
7.192533972100000061e-02
6.446724121600000412e-02
5.826092512900000325e-02
5.374839456899999091e-02
5.036613177600000879e-02
4.825622692900000121e-02
4.668710918399999327e-02
4.539754648900000411e-02
4.435909945600000071e-02
4.350811939599999456e-02
4.309900560900000593e-02
4.243641200099999844e-02
4.158295856099999271e-02
4.097426124099999567e-02
4.079551644099999735e-02
3.997600360000000408e-02
3.950792275599999959e-02
3.928006886400000480e-02
