6.443818747559999505e-01
3.412943136159999336e-01
1.884028749159999960e-01
1.113630315209999805e-01
7.156053006400001082e-02
5.009002086400000248e-02
3.848894659600000240e-02
3.218938339599999865e-02
2.732871859599999773e-02
2.293679960100000054e-02
2.092969824099999779e-02
2.000781960099999590e-02
1.848213060099999569e-02
1.738389510399999949e-02
1.704278030399999921e-02
1.657656249999999928e-02
1.640090035600000329e-02
1.623662092900000214e-02
1.552665523599999937e-02
1.510293523600000042e-02
1.484425456900000106e-02
1.473091964100000165e-02
1.457090409999999871e-02
1.426495809600000081e-02
1.366958488899999886e-02
