7.922875393946723563e-03
3.767337761630436179e-03
3.254774156214859833e-03
2.798047607230936228e-03
2.547498370550673949e-03
2.440572008784161560e-03
2.469701830359046207e-03
2.329329056666666359e-03
2.260851902095484603e-03
2.203037106119057256e-03
2.145030465078315296e-03
2.124734763510935549e-03
2.103720341753610983e-03
2.065851608475626280e-03
2.023300410477976274e-03
2.031148398840620668e-03
1.975068608319437320e-03
1.970694423041184813e-03
1.943555923478043406e-03
1.930580996958672184e-03
1.927818791629371843e-03
1.919537614450833986e-03
1.890159982878524426e-03
1.881944232338731348e-03
1.899664153991016896e-03
