6.504182410712565365e-02
4.954767371660103586e-02
4.646757195762885040e-02
4.502399914184827823e-02
4.368018807194273129e-02
4.278052461841724136e-02
4.242027933112241245e-02
4.201100024184008241e-02
4.161890276918193965e-02
4.113056682614845555e-02
4.072343657167593750e-02
4.046723561408503006e-02
4.043393330770879424e-02
4.011494748712288172e-02
4.002976036318093428e-02
4.017553769946163866e-02
3.992185271134435914e-02
3.973528613417903060e-02
3.972422093476133537e-02
3.968587501116990768e-02
3.953251192205683301e-02
3.924840572632636720e-02
3.909233897924527246e-02
3.925915682430919373e-02
3.905410948893842105e-02
