3.834699135262118613e-02
3.348313621643994598e-02
3.201878866659910172e-02
3.091503658318307465e-02
3.079159055339265177e-02
2.965257649328074258e-02
3.009657280468205562e-02
2.912780316725385385e-02
2.902015844231682282e-02
2.892369105620911165e-02
2.840488407589533346e-02
2.860026321720808215e-02
2.816414854473907325e-02
2.823678425127004732e-02
2.822119658595444169e-02
2.805144141716818182e-02
2.787189424400436655e-02
2.765002760549896063e-02
2.775281236126976234e-02
2.760208071788676845e-02
2.759756205660484144e-02
2.771420049443194117e-02
2.793520421195808470e-02
2.776977578094267513e-02
2.760173172475524975e-02
