1.404219866459027050e-02
7.576793004079893611e-03
6.775253176279204086e-03
6.373213235580756260e-03
6.110493648857994071e-03
5.883466799263051966e-03
5.749222597171038326e-03
5.645760444104738762e-03
5.533578766010066943e-03
5.427788498013948887e-03
5.341134947919314209e-03
5.292463958236458786e-03
5.203773216196832217e-03
5.188402520368233690e-03
5.128212220253443136e-03
5.101931831854321191e-03
5.060591308796764769e-03
5.030984983556850178e-03
4.963580067855046657e-03
4.953183867492482254e-03
4.913849329601202749e-03
4.858282208883657992e-03
4.850479956963357937e-03
4.768430568983838061e-03
4.749207644859129718e-03
