3.575447549900068883e-02
2.565377669438346359e-02
2.382756695273134662e-02
2.260215369288368775e-02
2.190842969358256648e-02
2.148034688761070454e-02
2.119859719107451690e-02
2.095486558481699305e-02
2.066954604168523210e-02
2.052061171610215090e-02
2.029870255843252078e-02
2.032839504036773257e-02
2.059198838290214606e-02
2.015133732075244377e-02
2.029071506636405398e-02
1.993753613913117756e-02
2.041942000732653584e-02
1.998069081769813377e-02
2.006941995673819715e-02
1.983955838653663969e-02
2.015793600370600555e-02
2.000007794287032500e-02
2.023716572173613060e-02
1.974085414604691280e-02
1.982604895253040414e-02
