9.990395412939686789e-03
5.749878169945394496e-03
4.955019880494988295e-03
4.593211335639507328e-03
4.381711664397627132e-03
4.229533406781604658e-03
4.117499105929753843e-03
3.996573593754792521e-03
3.935529638645613934e-03
3.876026969054684884e-03
3.849943697512676725e-03
3.844743694181540668e-03
3.770881503479741638e-03
3.766726530844373422e-03
3.791085272486481323e-03
3.738430591210163776e-03
3.694908860963035894e-03
3.635100892158594447e-03
3.628309281020811357e-03
3.602046390028256460e-03
3.606954421737375814e-03
3.596322111810715087e-03
3.579197083370184995e-03
3.553744862579463759e-03
3.554007845310520452e-03
