1.388823692931443962e-02
8.310932968891038622e-03
7.345641164617610318e-03
6.807189205713937152e-03
6.544923051989003614e-03
6.324009986968383117e-03
6.231243291000091236e-03
5.982565463675561940e-03
5.824866000100134902e-03
5.844908318663117816e-03
5.777440721253623672e-03
5.768964735544392444e-03
5.736604394544066003e-03
5.540446634809168859e-03
5.601589898023795651e-03
5.564786738906063457e-03
5.520022407201190598e-03
5.556145384375175099e-03
5.455601651089182595e-03
5.401730034539011828e-03
5.512625491352294953e-03
5.400631021551717363e-03
5.483481364285892369e-03
5.445138122287208546e-03
5.307262526940957105e-03
