2.023375101409462945e-02
1.556531771113009617e-02
1.455767625341104939e-02
1.387622495223437766e-02
1.360576378585159549e-02
1.337052452289891856e-02
1.303717084549614082e-02
1.307053299562364879e-02
1.291519789260066331e-02
1.291441805892789250e-02
1.296493255932277405e-02
1.293010849409678351e-02
1.280857732600039316e-02
1.290913354482988405e-02
1.276430362990162506e-02
1.262497134882001847e-02
1.270730756502551004e-02
1.257895882692827011e-02
1.241690218819072392e-02
1.250934179054722512e-02
1.245754478343661514e-02
1.236242977691126045e-02
1.245030438591800473e-02
1.244470229593913971e-02
1.230814274005566887e-02
