5.152762157971034485e-02
6.229144943672351026e-02
4.945134239160238476e-02
4.564311203324586397e-02
4.425884572949547596e-02
4.712276281574755837e-02
5.157968175964557089e-02
4.923711656055730634e-02
5.035892578182986357e-02
4.704039416264249596e-02
4.883204456189034481e-02
5.357905104283325337e-02
4.904405801627552408e-02
4.934720915883019504e-02
4.794078508536016303e-02
5.876240245640108883e-02
5.390789411898554151e-02
5.598508486899140407e-02
6.605038842894696283e-02
6.412770041596710380e-02
1.056784633936358048e-01
6.827376094920091509e-02
5.490424968229620090e-02
5.818135673566084826e-02
7.094710669542196591e-02
