7.119528755289999955e-01
4.353782682239999424e-01
2.794993703289999631e-01
1.985308426240000312e-01
1.454987622489999910e-01
1.074744758889999846e-01
8.562002688100001091e-02
7.293942532900000997e-02
6.417406227600000457e-02
5.677497562499999456e-02
5.271478240899999529e-02
4.979413731600000614e-02
4.849508665599999713e-02
4.732191129600000351e-02
4.569633028900000477e-02
4.482578184099999391e-02
4.364004560400000510e-02
4.235364000000000489e-02
4.180430052100000266e-02
4.139027491599999581e-02
4.068611726399999629e-02
3.993642528099999867e-02
3.936970272400000526e-02
3.922142593599999699e-02
3.890361760000000252e-02
