6.606861062760001069e-01
3.613969525690000073e-01
2.078949620249999908e-01
1.302148876089999907e-01
8.758521870399998965e-02
6.504846211600000261e-02
5.113296787599999615e-02
4.329437332900000490e-02
3.951945202499999865e-02
3.621370940100000074e-02
3.385416002499999633e-02
3.182120822499999446e-02
3.090845286399999600e-02
2.940024622500000268e-02
2.867908380100000001e-02
2.805122522499999688e-02
2.749693568399999913e-02
2.734227602500000076e-02
2.720850250000000567e-02
2.688353744399999898e-02
2.622359196899999925e-02
2.604673210000000086e-02
2.564738190400000367e-02
2.559552019599999756e-02
2.546481892899999863e-02
