6.335204836000000173e-01
3.295311063040000099e-01
1.789560730240000175e-01
1.044194595999999864e-01
6.723441561600002059e-02
4.850477664399999861e-02
3.905129299600000603e-02
3.408971395599999510e-02
3.137043168900000012e-02
2.974969536099999687e-02
2.880386008900000239e-02
2.828114889999999368e-02
2.771292678400000264e-02
2.733533155600000389e-02
2.709941516099999628e-02
2.692848180099999961e-02
2.659736956900000254e-02
2.651588856900000471e-02
2.632603600900000271e-02
2.621387664900000011e-02
2.607611336100000565e-02
2.598866409999999599e-02
2.585471043599999602e-02
2.575222562500000326e-02
2.569352526399999725e-02
