6.443931130810001129e-01
3.400557584489999341e-01
1.893459493209999900e-01
1.115239383040000226e-01
7.062944064399999389e-02
4.819429902399999938e-02
3.736914272100000378e-02
3.025581936400000352e-02
2.622942202499999736e-02
2.410038904899999834e-02
2.129293824099999857e-02
1.975767584399999721e-02
1.781397396100000211e-02
1.681197492099999885e-02
1.649940250000000302e-02
1.626288067599999942e-02
1.606708353600000069e-02
1.589162784400000028e-02
1.571287320099999663e-02
1.563800270399999873e-02
1.537277616899999921e-02
1.478364174400000064e-02
1.467514188099999957e-02
1.428311814399999859e-02
1.425039062499999960e-02
